TN:
SF:/home/aniruddha/Desktop/FreeRTOS/FreeRTOS-Plus/Test/Unit-Tests/Config_files/FreeRTOS_IP.h
FN:177,FreeRTOS_max_int32
FN:178,FreeRTOS_max_uint32
FN:179,FreeRTOS_min_int32
FN:180,FreeRTOS_min_uint32
FN:181,FreeRTOS_round_up
FN:182,FreeRTOS_round_down
FN:184,FreeRTOS_max_BaseType
FN:185,FreeRTOS_max_UBaseType
FN:186,FreeRTOS_min_BaseType
FN:187,FreeRTOS_min_UBaseType
FNDA:0,FreeRTOS_max_int32
FNDA:0,FreeRTOS_max_uint32
FNDA:0,FreeRTOS_min_int32
FNDA:0,FreeRTOS_min_uint32
FNDA:0,FreeRTOS_round_up
FNDA:0,FreeRTOS_round_down
FNDA:0,FreeRTOS_max_BaseType
FNDA:0,FreeRTOS_max_UBaseType
FNDA:0,FreeRTOS_min_BaseType
FNDA:0,FreeRTOS_min_UBaseType
FNF:10
FNH:0
DA:177,0
DA:178,0
DA:179,0
DA:180,0
DA:181,0
DA:182,0
DA:184,0
DA:185,0
DA:186,0
DA:187,0
LF:10
LH:0
end_of_record
SF:/home/aniruddha/Desktop/FreeRTOS/FreeRTOS-Plus/Test/Unit-Tests/build/generated/cmock_test_test_runner.c
FN:33,CMock_Init
FN:39,CMock_Verify
FN:42,CMock_Destroy
FN:48,resetTest
FN:57,verifyTest
FN:63,main
FNDA:0,CMock_Init
FNDA:0,CMock_Verify
FNDA:0,CMock_Destroy
FNDA:0,resetTest
FNDA:0,verifyTest
FNDA:1,main
FNF:6
FNH:1
DA:33,0
DA:35,0
DA:36,0
DA:37,0
DA:38,0
DA:39,0
DA:41,0
DA:42,0
DA:44,0
DA:48,0
DA:50,0
DA:51,0
DA:52,0
DA:53,0
DA:54,0
DA:55,0
DA:57,0
DA:59,0
DA:60,0
DA:63,1
DA:65,1
DA:67,1
LF:22
LH:3
end_of_record
TN:
SF:/home/aniruddha/Desktop/FreeRTOS/FreeRTOS-Plus/Source/FreeRTOS-Plus-TCP/FreeRTOS_DNS.c
FN:178,FreeRTOS_dnsclear
FN:284,FreeRTOS_dnslookup
FN:464,FreeRTOS_gethostbyname
FN:549,prvGetHostByName
FN:698,prvCreateDNSMessage
FN:773,prvReadNameField
FN:851,prvSkipNameField
FN:917,ulDNSHandlePacket
FN:966,prvParseDNSReply
FN:1391,prvCreateDNSSocket
FN:1467,prvProcessDNSCache
FNDA:0,FreeRTOS_dnsclear
FNDA:0,FreeRTOS_dnslookup
FNDA:0,FreeRTOS_gethostbyname
FNDA:0,prvGetHostByName
FNDA:0,prvCreateDNSMessage
FNDA:0,prvReadNameField
FNDA:0,prvSkipNameField
FNDA:0,ulDNSHandlePacket
FNDA:0,prvParseDNSReply
FNDA:0,prvCreateDNSSocket
FNDA:0,prvProcessDNSCache
FNF:11
FNH:0
BRDA:477,0,0,-
BRDA:477,0,1,-
BRDA:491,4294967295,0,-
BRDA:491,4294967295,1,-
BRDA:508,0,0,-
BRDA:508,0,1,-
BRDA:540,0,0,-
BRDA:540,0,1,-
BRDA:540,1,2,-
BRDA:540,1,3,-
BRDA:590,4294967295,0,-
BRDA:590,4294967295,1,-
BRDA:595,1,0,-
BRDA:595,1,1,-
BRDA:602,4294967295,0,-
BRDA:602,4294967295,1,-
BRDA:631,4294967295,1,-
BRDA:631,4294967295,2,-
BRDA:636,4294967295,0,-
BRDA:636,4294967295,1,-
BRDA:642,0,0,-
BRDA:642,0,1,-
BRDA:656,0,0,-
BRDA:656,0,1,-
BRDA:667,4294967295,0,-
BRDA:667,4294967295,1,-
BRDA:682,0,0,-
BRDA:682,0,1,-
BRDA:745,1,0,-
BRDA:745,1,1,-
BRDA:745,2,2,-
BRDA:745,2,3,-
BRDA:756,0,0,-
BRDA:756,0,1,-
BRDA:781,0,0,-
BRDA:781,0,1,-
BRDA:788,0,0,-
BRDA:788,0,1,-
BRDA:791,0,0,-
BRDA:791,0,1,-
BRDA:803,1,0,-
BRDA:803,1,1,-
BRDA:803,2,2,-
BRDA:803,2,3,-
BRDA:803,3,4,-
BRDA:803,3,5,-
BRDA:807,0,0,-
BRDA:807,0,1,-
BRDA:807,1,2,-
BRDA:807,1,3,-
BRDA:813,1,0,-
BRDA:813,1,1,-
BRDA:814,0,0,-
BRDA:814,0,1,-
BRDA:817,0,0,-
BRDA:817,0,1,-
BRDA:831,0,0,-
BRDA:831,0,1,-
BRDA:833,0,0,-
BRDA:833,0,1,-
BRDA:856,0,0,-
BRDA:856,0,1,-
BRDA:863,0,0,-
BRDA:863,0,1,-
BRDA:866,0,0,-
BRDA:866,0,1,-
BRDA:878,1,0,-
BRDA:878,1,1,-
BRDA:878,2,2,-
BRDA:878,2,3,-
BRDA:882,0,0,-
BRDA:882,0,1,-
BRDA:895,0,0,-
BRDA:895,0,1,-
BRDA:897,0,0,-
BRDA:897,0,1,-
BRDA:924,0,0,-
BRDA:924,0,1,-
BRDA:928,0,0,-
BRDA:928,0,1,-
BRDA:988,0,0,-
BRDA:988,0,1,-
BRDA:1008,2,0,-
BRDA:1008,2,1,-
BRDA:1020,0,0,-
BRDA:1020,0,1,-
BRDA:1028,4294967295,0,-
BRDA:1028,4294967295,1,-
BRDA:1043,4294967295,0,-
BRDA:1043,4294967295,1,-
BRDA:1053,0,0,-
BRDA:1053,0,1,-
BRDA:1077,0,0,-
BRDA:1077,0,1,-
BRDA:1079,2,0,-
BRDA:1079,2,1,-
BRDA:1085,4294967295,0,-
BRDA:1085,4294967295,1,-
BRDA:1095,0,0,-
BRDA:1095,0,1,-
BRDA:1095,0,2,-
BRDA:1095,0,3,-
BRDA:1102,0,0,-
BRDA:1102,0,1,-
BRDA:1124,0,0,-
BRDA:1124,0,1,-
BRDA:1143,0,0,-
BRDA:1143,0,1,-
BRDA:1155,0,0,-
BRDA:1155,0,1,-
BRDA:1243,0,0,-
BRDA:1243,0,1,-
BRDA:1406,4294967295,0,-
BRDA:1406,4294967295,1,-
BRDA:1476,4294967295,0,-
BRDA:1476,4294967295,1,-
BRDA:1479,2,0,-
BRDA:1479,2,1,-
BRDA:1481,0,0,-
BRDA:1481,0,1,-
BRDA:1486,0,0,-
BRDA:1486,0,1,-
BRDA:1489,0,0,-
BRDA:1489,0,1,-
BRDA:1492,0,0,-
BRDA:1492,0,1,-
BRDA:1514,0,0,-
BRDA:1514,0,1,-
BRDA:1516,0,0,-
BRDA:1516,0,1,-
BRDA:1523,0,0,-
BRDA:1523,0,1,-
BRDA:1533,0,0,-
BRDA:1533,0,1,-
BRDA:1541,0,0,-
BRDA:1541,0,1,-
BRF:136
BRH:0
DA:178,0
DA:180,0
DA:181,0
DA:284,0
DA:286,0
DA:288,0
DA:289,0
DA:464,0
DA:472,0
DA:473,0
DA:474,0
DA:475,0
DA:477,0
DA:483,0
DA:491,0
DA:493,0
DA:508,0
DA:512,0
DA:514,0
DA:540,0
DA:542,0
DA:545,0
DA:549,0
DA:555,0
DA:557,0
DA:561,0
DA:586,0
DA:588,0
DA:590,0
DA:592,0
DA:593,0
DA:595,0
DA:600,0
DA:602,0
DA:605,0
DA:610,0
DA:625,0
DA:626,0
DA:629,0
DA:631,0
DA:634,0
DA:636,0
DA:639,0
DA:642,0
DA:644,0
DA:649,0
DA:656,0
DA:659,0
DA:665,0
DA:667,0
DA:670,0
DA:678,0
DA:682,0
DA:686,0
DA:691,0
DA:694,0
DA:698,0
DA:716,0
DA:719,0
DA:720,0
DA:724,0
DA:727,0
DA:730,0
DA:733,0
DA:734,0
DA:739,0
DA:743,0
DA:745,0
DA:747,0
DA:752,0
DA:753,0
DA:755,0
DA:756,0
DA:760,0
DA:762,0
DA:763,0
DA:767,0
DA:773,0
DA:778,0
DA:781,0
DA:783,0
DA:788,0
DA:791,0
DA:793,0
DA:797,0
DA:803,0
DA:807,0
DA:809,0
DA:813,0
DA:814,0
DA:815,0
DA:817,0
DA:819,0
DA:824,0
DA:825,0
DA:831,0
DA:833,0
DA:835,0
DA:836,0
DA:837,0
DA:841,0
DA:846,0
DA:851,0
DA:856,0
DA:858,0
DA:863,0
DA:866,0
DA:868,0
DA:872,0
DA:878,0
DA:880,0
DA:882,0
DA:884,0
DA:885,0
DA:889,0
DA:890,0
DA:895,0
DA:897,0
DA:899,0
DA:903,0
DA:908,0
DA:917,0
DA:924,0
DA:926,0
DA:928,0
DA:930,0
DA:931,0
DA:934,0
DA:941,0
DA:966,0
DA:972,0
DA:979,0
DA:984,0
DA:988,0
DA:990,0
DA:993,0
DA:996,0
DA:1002,0
DA:1003,0
DA:1006,0
DA:1008,0
DA:1020,0
DA:1022,0
DA:1028,0
DA:1030,0
DA:1033,0
DA:1039,0
DA:1043,0
DA:1045,0
DA:1048,0
DA:1049,0
DA:1053,0
DA:1064,0
DA:1065,0
DA:1070,0
DA:1075,0
DA:1077,0
DA:1079,0
DA:1081,0
DA:1085,0
DA:1087,0
DA:1090,0
DA:1091,0
DA:1095,0
DA:1096,0
DA:1099,0
DA:1102,0
DA:1105,0
DA:1106,0
DA:1124,0
DA:1126,0
DA:1139,0
DA:1140,0
DA:1141,0
DA:1143,0
DA:1147,0
DA:1148,0
DA:1149,0
DA:1152,0
DA:1155,0
DA:1157,0
DA:1158,0
DA:1163,0
DA:1243,0
DA:1246,0
DA:1249,0
DA:1391,0
DA:1393,0
DA:1399,0
DA:1402,0
DA:1403,0
DA:1406,0
DA:1408,0
DA:1409,0
DA:1416,0
DA:1467,0
DA:1473,0
DA:1474,0
DA:1476,0
DA:1479,0
DA:1481,0
DA:1483,0
DA:1486,0
DA:1489,0
DA:1492,0
DA:1494,0
DA:1499,0
DA:1504,0
DA:1505,0
DA:1506,0
DA:1509,0
DA:1510,0
DA:1514,0
DA:1516,0
DA:1518,0
DA:1523,0
DA:1525,0
DA:1527,0
DA:1528,0
DA:1529,0
DA:1531,0
DA:1533,0
DA:1535,0
DA:1541,0
DA:1545,0
LF:225
LH:0
end_of_record
SF:/home/aniruddha/Desktop/FreeRTOS/FreeRTOS-Plus/Test/Unit-Tests/Config_files/FreeRTOS_IP.h
FN:177,FreeRTOS_max_int32
FN:178,FreeRTOS_max_uint32
FN:179,FreeRTOS_min_int32
FN:180,FreeRTOS_min_uint32
FN:181,FreeRTOS_round_up
FN:182,FreeRTOS_round_down
FN:184,FreeRTOS_max_BaseType
FN:185,FreeRTOS_max_UBaseType
FN:186,FreeRTOS_min_BaseType
FN:187,FreeRTOS_min_UBaseType
FNDA:0,FreeRTOS_max_int32
FNDA:0,FreeRTOS_max_uint32
FNDA:0,FreeRTOS_min_int32
FNDA:0,FreeRTOS_min_uint32
FNDA:0,FreeRTOS_round_up
FNDA:0,FreeRTOS_round_down
FNDA:0,FreeRTOS_max_BaseType
FNDA:0,FreeRTOS_max_UBaseType
FNDA:0,FreeRTOS_min_BaseType
FNDA:0,FreeRTOS_min_UBaseType
FNF:10
FNH:0
DA:177,0
DA:178,0
DA:179,0
DA:180,0
DA:181,0
DA:182,0
DA:184,0
DA:185,0
DA:186,0
DA:187,0
LF:10
LH:0
end_of_record
SF:/home/aniruddha/Desktop/FreeRTOS/FreeRTOS-Plus/Test/Unit-Tests/Config_files/FreeRTOS_IP_Private.h
FN:718,ulChar2u32
FN:727,usChar2u16
FNDA:0,ulChar2u32
FNDA:0,usChar2u16
FNF:2
FNH:0
DA:718,0
DA:720,0
DA:721,0
DA:722,0
DA:723,0
DA:727,0
DA:729,0
DA:730,0
DA:731,0
LF:9
LH:0
end_of_record
SF:/home/aniruddha/Desktop/FreeRTOS/FreeRTOS-Plus/Test/Unit-Tests/Config_files/FreeRTOS_Stream_Buffer.h
FN:52,vStreamBufferClear
FN:63,uxStreamBufferSpace
FN:79,uxStreamBufferDistance
FN:95,uxStreamBufferGetSpace
FN:107,uxStreamBufferFrontSpace
FN:121,uxStreamBufferGetSize
FN:133,uxStreamBufferMidSpace
FN:144,vStreamBufferMoveMid
FN:162,xStreamBufferLessThenEqual
FN:195,uxStreamBufferGetPtr
FNDA:0,vStreamBufferClear
FNDA:0,uxStreamBufferSpace
FNDA:0,uxStreamBufferDistance
FNDA:0,uxStreamBufferGetSpace
FNDA:0,uxStreamBufferFrontSpace
FNDA:0,uxStreamBufferGetSize
FNDA:0,uxStreamBufferMidSpace
FNDA:0,vStreamBufferMoveMid
FNDA:0,xStreamBufferLessThenEqual
FNDA:0,uxStreamBufferGetPtr
FNF:10
FNH:0
BRDA:69,0,0,-
BRDA:69,0,1,-
BRDA:85,0,0,-
BRDA:85,0,1,-
BRDA:149,4294967295,0,-
BRDA:149,4294967295,1,-
BRDA:154,0,0,-
BRDA:154,0,1,-
BRDA:168,0,0,-
BRDA:168,0,1,-
BRDA:170,0,0,-
BRDA:170,0,1,-
BRDA:181,0,0,-
BRDA:181,0,1,-
BRF:14
BRH:0
DA:52,0
DA:55,0
DA:56,0
DA:57,0
DA:58,0
DA:59,0
DA:63,0
DA:68,0
DA:69,0
DA:71,0
DA:74,0
DA:79,0
DA:84,0
DA:85,0
DA:87,0
DA:90,0
DA:95,0
DA:99,0
DA:100,0
DA:102,0
DA:107,0
DA:113,0
DA:114,0
DA:116,0
DA:121,0
DA:125,0
DA:126,0
DA:128,0
DA:133,0
DA:136,0
DA:137,0
DA:139,0
DA:144,0
DA:147,0
DA:149,0
DA:151,0
DA:153,0
DA:154,0
DA:156,0
DA:158,0
DA:162,0
DA:165,0
DA:168,0
DA:170,0
DA:172,0
DA:176,0
DA:181,0
DA:183,0
DA:187,0
DA:190,0
DA:195,0
DA:197,0
DA:198,0
DA:200,0
DA:202,0
LF:55
LH:0
end_of_record
TN:
SF:/home/aniruddha/Desktop/FreeRTOS/FreeRTOS-Plus/Test/CMock/vendor/unity/extras/fixture/src/unity_fixture.c
FN:18,setUp
FN:19,tearDown
FN:21,announceTestRun
FN:30,UnityMain
FN:49,selected
FN:56,testSelected
FN:61,groupSelected
FN:66,UnityTestRunner
FN:118,UnityIgnoreTest
FN:151,UnityPointer_Init
FN:156,UnityPointer_Set
FN:171,UnityPointer_UndoAllSets
FN:181,UnityGetCommandLineOptions
FN:284,UnityConcludeFixtureTest
FNDA:0,setUp
FNDA:0,tearDown
FNDA:0,announceTestRun
FNDA:0,UnityMain
FNDA:0,selected
FNDA:0,testSelected
FNDA:0,groupSelected
FNDA:0,UnityTestRunner
FNDA:0,UnityIgnoreTest
FNDA:0,UnityPointer_Init
FNDA:0,UnityPointer_Set
FNDA:0,UnityPointer_UndoAllSets
FNDA:0,UnityGetCommandLineOptions
FNDA:0,UnityConcludeFixtureTest
FNF:14
FNH:0
BRDA:34,4294967295,0,-
BRDA:34,4294967295,1,-
BRDA:37,1,0,-
BRDA:37,1,1,-
BRDA:42,4294967295,0,-
BRDA:42,4294967295,1,-
BRDA:51,0,0,-
BRDA:51,0,1,-
BRDA:75,0,1,-
BRDA:75,0,2,-
BRDA:75,1,4,-
BRDA:75,1,5,-
BRDA:80,0,0,-
BRDA:80,0,1,-
BRDA:87,0,0,-
BRDA:87,0,1,-
BRDA:101,2,0,-
BRDA:101,2,1,-
BRDA:106,1,0,-
BRDA:106,1,1,-
BRDA:110,1,0,-
BRDA:110,1,1,-
BRDA:120,0,1,-
BRDA:120,0,2,-
BRDA:120,1,4,-
BRDA:120,1,5,-
BRDA:124,0,0,-
BRDA:124,0,1,-
BRDA:129,0,0,-
BRDA:129,0,1,-
BRDA:158,0,0,-
BRDA:158,0,1,-
BRDA:173,1,0,-
BRDA:173,1,1,-
BRDA:190,0,0,-
BRDA:190,0,1,-
BRDA:193,1,0,-
BRDA:193,1,1,-
BRDA:195,0,0,-
BRDA:195,0,1,-
BRDA:195,1,2,-
BRDA:195,1,3,-
BRDA:230,0,0,-
BRDA:230,0,1,-
BRDA:235,0,0,-
BRDA:235,0,1,-
BRDA:240,0,0,-
BRDA:240,0,1,-
BRDA:243,0,0,-
BRDA:243,0,1,-
BRDA:248,0,0,-
BRDA:248,0,1,-
BRDA:251,0,0,-
BRDA:251,0,1,-
BRDA:256,0,0,-
BRDA:256,0,1,-
BRDA:260,0,0,-
BRDA:260,0,1,-
BRDA:262,0,0,-
BRDA:262,0,1,-
BRDA:262,1,2,-
BRDA:262,1,3,-
BRDA:266,1,0,-
BRDA:266,1,1,-
BRDA:266,2,2,-
BRDA:266,2,3,-
BRDA:286,0,0,-
BRDA:286,0,1,-
BRDA:291,0,0,-
BRDA:291,0,1,-
BRDA:293,0,0,-
BRDA:293,0,1,-
BRF:72
BRH:0
DA:18,0
DA:19,0
DA:21,0
DA:23,0
DA:24,0
DA:25,0
DA:26,0
DA:27,0
DA:28,0
DA:30,0
DA:32,0
DA:34,0
DA:35,0
DA:37,0
DA:39,0
DA:40,0
DA:41,0
DA:42,0
DA:43,0
DA:46,0
DA:49,0
DA:51,0
DA:52,0
DA:53,0
DA:56,0
DA:58,0
DA:61,0
DA:63,0
DA:66,0
DA:75,0
DA:77,0
DA:78,0
DA:79,0
DA:80,0
DA:82,0
DA:84,0
DA:87,0
DA:93,0
DA:96,0
DA:97,0
DA:101,0
DA:103,0
DA:104,0
DA:106,0
DA:108,0
DA:110,0
DA:112,0
DA:114,0
DA:116,0
DA:118,0
DA:120,0
DA:122,0
DA:123,0
DA:124,0
DA:126,0
DA:127,0
DA:129,0
DA:135,0
DA:138,0
DA:151,0
DA:153,0
DA:154,0
DA:156,0
DA:158,0
DA:160,0
DA:164,0
DA:165,0
DA:166,0
DA:167,0
DA:169,0
DA:171,0
DA:173,0
DA:175,0
DA:176,0
DA:177,0
DA:179,0
DA:181,0
DA:184,0
DA:185,0
DA:186,0
DA:187,0
DA:188,0
DA:190,0
DA:191,0
DA:193,0
DA:195,0
DA:198,0
DA:199,0
DA:200,0
DA:201,0
DA:202,0
DA:203,0
DA:204,0
DA:205,0
DA:206,0
DA:207,0
DA:208,0
DA:209,0
DA:210,0
DA:211,0
DA:212,0
DA:213,0
DA:214,0
DA:215,0
DA:216,0
DA:217,0
DA:218,0
DA:225,0
DA:226,0
DA:228,0
DA:230,0
DA:232,0
DA:233,0
DA:235,0
DA:237,0
DA:238,0
DA:240,0
DA:242,0
DA:243,0
DA:244,0
DA:245,0
DA:246,0
DA:248,0
DA:250,0
DA:251,0
DA:252,0
DA:253,0
DA:254,0
DA:256,0
DA:258,0
DA:259,0
DA:260,0
DA:262,0
DA:264,0
DA:265,0
DA:266,0
DA:268,0
DA:269,0
DA:271,0
DA:278,0
DA:281,0
DA:284,0
DA:286,0
DA:288,0
DA:289,0
DA:291,0
DA:293,0
DA:295,0
DA:296,0
DA:299,0
DA:304,0
DA:305,0
DA:308,0
DA:309,0
DA:310,0
LF:155
LH:0
end_of_record
